Byte-compiling stack-f.el...
Wrote /home/thegreatape/.emacs.d/site-lisp/elib/stack-f.elc
Byte-compiling stack-m.el...
Wrote /home/thegreatape/.emacs.d/site-lisp/elib/stack-m.elc
Byte-compiling queue-f.el...
Wrote /home/thegreatape/.emacs.d/site-lisp/elib/queue-f.elc
Byte-compiling queue-m.el...
Wrote /home/thegreatape/.emacs.d/site-lisp/elib/queue-m.elc
Byte-compiling elib-node.el...
Wrote /home/thegreatape/.emacs.d/site-lisp/elib/elib-node.elc
Byte-compiling dll.el...
Wrote /home/thegreatape/.emacs.d/site-lisp/elib/dll.elc
Byte-compiling dll-debug.el...
Wrote /home/thegreatape/.emacs.d/site-lisp/elib/dll-debug.elc
Byte-compiling bintree.el...

In end of data:
bintree.el:354:1:Warning: the following functions are not known to be defined:
    elib-stack-create, elib-stack-push, elib-stack-pop
Wrote /home/thegreatape/.emacs.d/site-lisp/elib/bintree.elc
Byte-compiling avltree.el...

In end of data:
avltree.el:588:1:Warning: the following functions are not known to be defined:
    elib-stack-create, elib-stack-push, elib-stack-pop
Wrote /home/thegreatape/.emacs.d/site-lisp/elib/avltree.elc
Byte-compiling cookie.el...

In elib-refresh-tin:
cookie.el:375:41:Warning: reference to free variable `dll'
Wrote /home/thegreatape/.emacs.d/site-lisp/elib/cookie.elc
Byte-compiling string.el...

In elib-string-expand-newtext:
string.el:104:22:Warning: reference to free variable `newtext'
string.el:122:51:Warning: reference to free variable `string'
Wrote /home/thegreatape/.emacs.d/site-lisp/elib/string.elc
Byte-compiling read.el...

In read-number:
read.el:64:28:Warning: `string-to-int' is an obsolete function (as of Emacs
    22.1); use `string-to-number' instead.
Wrote /home/thegreatape/.emacs.d/site-lisp/elib/read.elc
